<?xml version="1.0" encoding="UTF-8"?>
<testng-results skipped="0" failed="0" ignored="0" total="2" passed="2">
  <reporter-output>
    <line>
      <![CDATA[validLoginis passed]]>
    </line>
    <line>
      <![CDATA[inValidLoginis passed]]>
    </line>
  </reporter-output>
  <suite name="Suite" duration-ms="48404" started-at="2018-09-02T18:52:21Z" finished-at="2018-09-02T18:53:10Z">
    <groups>
    </groups>
    <test name="Test" duration-ms="48404" started-at="2018-09-02T18:52:21Z" finished-at="2018-09-02T18:53:10Z">
      <class name="com.crmpro.testscript.LoginTest">
        <test-method status="PASS" signature="setup(java.lang.String)[pri:0, instance:com.crmpro.testscript.LoginTest@126f7b2]" name="setup" is-config="true" duration-ms="23975" started-at="2018-09-02T18:52:21Z" finished-at="2018-09-02T18:52:45Z">
          <params>
            <param index="0">
              <value>
                <![CDATA[chrome]]>
              </value>
            </param>
          </params>
          <reporter-output>
          </reporter-output>
        </test-method> <!-- setup -->
        <test-method status="PASS" signature="validLogin()[pri:0, instance:com.crmpro.testscript.LoginTest@126f7b2]" name="validLogin" duration-ms="11683" started-at="2018-09-02T18:52:45Z" finished-at="2018-09-02T18:52:57Z">
          <reporter-output>
          </reporter-output>
        </test-method> <!-- validLogin -->
        <test-method status="PASS" signature="teardown(org.testng.ITestResult)[pri:0, instance:com.crmpro.testscript.LoginTest@126f7b2]" name="teardown" is-config="true" duration-ms="2236" started-at="2018-09-02T18:52:57Z" finished-at="2018-09-02T18:52:59Z">
          <params>
            <param index="0">
              <value>
                <![CDATA[[TestResult name=validLogin status=SUCCESS method=LoginTest.validLogin()[pri:0, instance:com.crmpro.testscript.LoginTest@126f7b2] output={null}]]]>
              </value>
            </param>
          </params>
          <reporter-output>
            <line>
              <![CDATA[validLoginis passed]]>
            </line>
          </reporter-output>
        </test-method> <!-- teardown -->
        <test-method status="PASS" signature="setup(java.lang.String)[pri:0, instance:com.crmpro.testscript.LoginTest@126f7b2]" name="setup" is-config="true" duration-ms="7452" started-at="2018-09-02T18:52:59Z" finished-at="2018-09-02T18:53:07Z">
          <params>
            <param index="0">
              <value>
                <![CDATA[chrome]]>
              </value>
            </param>
          </params>
          <reporter-output>
          </reporter-output>
        </test-method> <!-- setup -->
        <test-method status="PASS" signature="inValidLogin()[pri:2, instance:com.crmpro.testscript.LoginTest@126f7b2]" name="inValidLogin" duration-ms="870" started-at="2018-09-02T18:53:07Z" finished-at="2018-09-02T18:53:08Z">
          <reporter-output>
          </reporter-output>
        </test-method> <!-- inValidLogin -->
        <test-method status="PASS" signature="teardown(org.testng.ITestResult)[pri:0, instance:com.crmpro.testscript.LoginTest@126f7b2]" name="teardown" is-config="true" duration-ms="2040" started-at="2018-09-02T18:53:08Z" finished-at="2018-09-02T18:53:10Z">
          <params>
            <param index="0">
              <value>
                <![CDATA[[TestResult name=inValidLogin status=SUCCESS method=LoginTest.inValidLogin()[pri:2, instance:com.crmpro.testscript.LoginTest@126f7b2] output={null}]]]>
              </value>
            </param>
          </params>
          <reporter-output>
            <line>
              <![CDATA[inValidLoginis passed]]>
            </line>
          </reporter-output>
        </test-method> <!-- teardown -->
      </class> <!-- com.crmpro.testscript.LoginTest -->
    </test> <!-- Test -->
  </suite> <!-- Suite -->
</testng-results>
